2013/03/12 19:02:27 [error] [exception.CHttpException.404] exception 'CHttpException' with message 'Unable to resolve the request "posts".' in C:\xampp\WebFramework_mine\framework\web\CWebApplication.php:286
Stack trace:
#0 C:\xampp\WebFramework_mine\framework\web\CWebApplication.php(141): CWebApplication->runController('posts')
#1 C:\xampp\WebFramework_mine\framework\base\CApplication.php(169): CWebApplication->processRequest()
#2 C:\xampp\htdocs\blog\index.php(13): CApplication->run()
#3 {main}
REQUEST_URI=/blog/index.php/posts
---
2013/03/12 19:11:55 [error] [exception.CHttpException.404] exception 'CHttpException' with message 'Unable to resolve the request "user".' in C:\xampp\WebFramework_mine\framework\web\CWebApplication.php:286
Stack trace:
#0 C:\xampp\WebFramework_mine\framework\web\CWebApplication.php(141): CWebApplication->runController('user')
#1 C:\xampp\WebFramework_mine\framework\base\CApplication.php(169): CWebApplication->processRequest()
#2 C:\xampp\htdocs\blog\index.php(13): CApplication->run()
#3 {main}
REQUEST_URI=/blog/index.php/user
---
2013/03/12 19:11:59 [error] [exception.CHttpException.404] exception 'CHttpException' with message 'Unable to resolve the request "users".' in C:\xampp\WebFramework_mine\framework\web\CWebApplication.php:286
Stack trace:
#0 C:\xampp\WebFramework_mine\framework\web\CWebApplication.php(141): CWebApplication->runController('users')
#1 C:\xampp\WebFramework_mine\framework\base\CApplication.php(169): CWebApplication->processRequest()
#2 C:\xampp\htdocs\blog\index.php(13): CApplication->run()
#3 {main}
REQUEST_URI=/blog/index.php/users
---
2013/03/12 19:12:02 [error] [exception.CHttpException.404] exception 'CHttpException' with message 'Unable to resolve the request "user".' in C:\xampp\WebFramework_mine\framework\web\CWebApplication.php:286
Stack trace:
#0 C:\xampp\WebFramework_mine\framework\web\CWebApplication.php(141): CWebApplication->runController('user')
#1 C:\xampp\WebFramework_mine\framework\base\CApplication.php(169): CWebApplication->processRequest()
#2 C:\xampp\htdocs\blog\index.php(13): CApplication->run()
#3 {main}
REQUEST_URI=/blog/index.php/user
---
2013/03/13 14:16:32 [error] [exception.CHttpException.404] exception 'CHttpException' with message 'The system is unable to find the requested action "post".' in C:\xampp\WebFramework_mine\framework\web\CController.php:483
Stack trace:
#0 C:\xampp\WebFramework_mine\framework\web\CController.php(270): CController->missingAction('post')
#1 C:\xampp\WebFramework_mine\framework\web\CWebApplication.php(282): CController->run('post')
#2 C:\xampp\WebFramework_mine\framework\web\CWebApplication.php(141): CWebApplication->runController('site/post/admin')
#3 C:\xampp\WebFramework_mine\framework\base\CApplication.php(169): CWebApplication->processRequest()
#4 C:\xampp\htdocs\blog\index.php(13): CApplication->run()
#5 {main}
REQUEST_URI=/blog/index.php/site/post/admin
---
2013/03/13 14:16:39 [error] [exception.CHttpException.404] exception 'CHttpException' with message 'The system is unable to find the requested action "post".' in C:\xampp\WebFramework_mine\framework\web\CController.php:483
Stack trace:
#0 C:\xampp\WebFramework_mine\framework\web\CController.php(270): CController->missingAction('post')
#1 C:\xampp\WebFramework_mine\framework\web\CWebApplication.php(282): CController->run('post')
#2 C:\xampp\WebFramework_mine\framework\web\CWebApplication.php(141): CWebApplication->runController('site/post')
#3 C:\xampp\WebFramework_mine\framework\base\CApplication.php(169): CWebApplication->processRequest()
#4 C:\xampp\htdocs\blog\index.php(13): CApplication->run()
#5 {main}
REQUEST_URI=/blog/index.php/site/post/
---
2013/03/13 14:49:38 [error] [exception.CException] exception 'CException' with message 'The "dataProvider" property cannot be empty.' in C:\xampp\WebFramework_mine\framework\zii\widgets\CBaseListView.php:105
Stack trace:
#0 C:\xampp\WebFramework_mine\framework\zii\widgets\grid\CGridView.php(314): CBaseListView->init()
#1 C:\xampp\WebFramework_mine\framework\web\CBaseController.php(147): CGridView->init()
#2 C:\xampp\WebFramework_mine\framework\web\CBaseController.php(172): CBaseController->createWidget('zii.widgets.gri...', Array)
#3 C:\xampp\htdocs\blog\protected\views\post\admin.php(12): CBaseController->widget('zii.widgets.gri...', Array)
#4 C:\xampp\WebFramework_mine\framework\web\CBaseController.php(126): require('C:\xampp\htdocs...')
#5 C:\xampp\WebFramework_mine\framework\web\CBaseController.php(95): CBaseController->renderInternal('C:\xampp\htdocs...', Array, true)
#6 C:\xampp\WebFramework_mine\framework\web\CController.php(869): CBaseController->renderFile('C:\xampp\htdocs...', Array, true)
#7 C:\xampp\WebFramework_mine\framework\web\CController.php(782): CController->renderPartial('admin', Array, true)
#8 C:\xampp\htdocs\blog\protected\controllers\PostController.php(154): CController->render('admin', Array)
#9 C:\xampp\WebFramework_mine\framework\web\actions\CInlineAction.php(49): PostController->actionAdmin()
#10 C:\xampp\WebFramework_mine\framework\web\CController.php(308): CInlineAction->runWithParams(Array)
#11 C:\xampp\WebFramework_mine\framework\web\filters\CFilterChain.php(133): CController->runAction(Object(CInlineAction))
#12 C:\xampp\WebFramework_mine\framework\web\filters\CFilter.php(40): CFilterChain->run()
#13 C:\xampp\WebFramework_mine\framework\web\CController.php(1145): CFilter->filter(Object(CFilterChain))
#14 C:\xampp\WebFramework_mine\framework\web\filters\CInlineFilter.php(58): CController->filterAccessControl(Object(CFilterChain))
#15 C:\xampp\WebFramework_mine\framework\web\filters\CFilterChain.php(130): CInlineFilter->filter(Object(CFilterChain))
#16 C:\xampp\WebFramework_mine\framework\web\CController.php(291): CFilterChain->run()
#17 C:\xampp\WebFramework_mine\framework\web\CController.php(265): CController->runActionWithFilters(Object(CInlineAction), Array)
#18 C:\xampp\WebFramework_mine\framework\web\CWebApplication.php(282): CController->run('admin')
#19 C:\xampp\WebFramework_mine\framework\web\CWebApplication.php(141): CWebApplication->runController('post/admin')
#20 C:\xampp\WebFramework_mine\framework\base\CApplication.php(169): CWebApplication->processRequest()
#21 C:\xampp\htdocs\blog\index.php(13): CApplication->run()
#22 {main}
REQUEST_URI=/blog/index.php/post/admin
---
2013/03/13 14:54:25 [error] [exception.CException] exception 'CException' with message 'Either "name" or "value" must be specified for CDataColumn.' in C:\xampp\WebFramework_mine\framework\zii\widgets\grid\CDataColumn.php:78
Stack trace:
#0 C:\xampp\WebFramework_mine\framework\zii\widgets\grid\CGridView.php(376): CDataColumn->init()
#1 C:\xampp\WebFramework_mine\framework\zii\widgets\grid\CGridView.php(334): CGridView->initColumns()
#2 C:\xampp\WebFramework_mine\framework\web\CBaseController.php(147): CGridView->init()
#3 C:\xampp\WebFramework_mine\framework\web\CBaseController.php(172): CBaseController->createWidget('zii.widgets.gri...', Array)
#4 C:\xampp\htdocs\blog\protected\views\post\admin.php(27): CBaseController->widget('zii.widgets.gri...', Array)
#5 C:\xampp\WebFramework_mine\framework\web\CBaseController.php(126): require('C:\xampp\htdocs...')
#6 C:\xampp\WebFramework_mine\framework\web\CBaseController.php(95): CBaseController->renderInternal('C:\xampp\htdocs...', Array, true)
#7 C:\xampp\WebFramework_mine\framework\web\CController.php(869): CBaseController->renderFile('C:\xampp\htdocs...', Array, true)
#8 C:\xampp\WebFramework_mine\framework\web\CController.php(782): CController->renderPartial('admin', Array, true)
#9 C:\xampp\htdocs\blog\protected\controllers\PostController.php(154): CController->render('admin', Array)
#10 C:\xampp\WebFramework_mine\framework\web\actions\CInlineAction.php(49): PostController->actionAdmin()
#11 C:\xampp\WebFramework_mine\framework\web\CController.php(308): CInlineAction->runWithParams(Array)
#12 C:\xampp\WebFramework_mine\framework\web\filters\CFilterChain.php(133): CController->runAction(Object(CInlineAction))
#13 C:\xampp\WebFramework_mine\framework\web\filters\CFilter.php(40): CFilterChain->run()
#14 C:\xampp\WebFramework_mine\framework\web\CController.php(1145): CFilter->filter(Object(CFilterChain))
#15 C:\xampp\WebFramework_mine\framework\web\filters\CInlineFilter.php(58): CController->filterAccessControl(Object(CFilterChain))
#16 C:\xampp\WebFramework_mine\framework\web\filters\CFilterChain.php(130): CInlineFilter->filter(Object(CFilterChain))
#17 C:\xampp\WebFramework_mine\framework\web\CController.php(291): CFilterChain->run()
#18 C:\xampp\WebFramework_mine\framework\web\CController.php(265): CController->runActionWithFilters(Object(CInlineAction), Array)
#19 C:\xampp\WebFramework_mine\framework\web\CWebApplication.php(282): CController->run('admin')
#20 C:\xampp\WebFramework_mine\framework\web\CWebApplication.php(141): CWebApplication->runController('post/admin')
#21 C:\xampp\WebFramework_mine\framework\base\CApplication.php(169): CWebApplication->processRequest()
#22 C:\xampp\htdocs\blog\index.php(13): CApplication->run()
#23 {main}
REQUEST_URI=/blog/index.php/post/admin
---
2013/03/13 14:56:07 [error] [exception.CException] exception 'CException' with message 'Either "name" or "value" must be specified for CDataColumn.' in C:\xampp\WebFramework_mine\framework\zii\widgets\grid\CDataColumn.php:78
Stack trace:
#0 C:\xampp\WebFramework_mine\framework\zii\widgets\grid\CGridView.php(376): CDataColumn->init()
#1 C:\xampp\WebFramework_mine\framework\zii\widgets\grid\CGridView.php(334): CGridView->initColumns()
#2 C:\xampp\WebFramework_mine\framework\web\CBaseController.php(147): CGridView->init()
#3 C:\xampp\WebFramework_mine\framework\web\CBaseController.php(172): CBaseController->createWidget('zii.widgets.gri...', Array)
#4 C:\xampp\htdocs\blog\protected\views\post\admin.php(28): CBaseController->widget('zii.widgets.gri...', Array)
#5 C:\xampp\WebFramework_mine\framework\web\CBaseController.php(126): require('C:\xampp\htdocs...')
#6 C:\xampp\WebFramework_mine\framework\web\CBaseController.php(95): CBaseController->renderInternal('C:\xampp\htdocs...', Array, true)
#7 C:\xampp\WebFramework_mine\framework\web\CController.php(869): CBaseController->renderFile('C:\xampp\htdocs...', Array, true)
#8 C:\xampp\WebFramework_mine\framework\web\CController.php(782): CController->renderPartial('admin', Array, true)
#9 C:\xampp\htdocs\blog\protected\controllers\PostController.php(154): CController->render('admin', Array)
#10 C:\xampp\WebFramework_mine\framework\web\actions\CInlineAction.php(49): PostController->actionAdmin()
#11 C:\xampp\WebFramework_mine\framework\web\CController.php(308): CInlineAction->runWithParams(Array)
#12 C:\xampp\WebFramework_mine\framework\web\filters\CFilterChain.php(133): CController->runAction(Object(CInlineAction))
#13 C:\xampp\WebFramework_mine\framework\web\filters\CFilter.php(40): CFilterChain->run()
#14 C:\xampp\WebFramework_mine\framework\web\CController.php(1145): CFilter->filter(Object(CFilterChain))
#15 C:\xampp\WebFramework_mine\framework\web\filters\CInlineFilter.php(58): CController->filterAccessControl(Object(CFilterChain))
#16 C:\xampp\WebFramework_mine\framework\web\filters\CFilterChain.php(130): CInlineFilter->filter(Object(CFilterChain))
#17 C:\xampp\WebFramework_mine\framework\web\CController.php(291): CFilterChain->run()
#18 C:\xampp\WebFramework_mine\framework\web\CController.php(265): CController->runActionWithFilters(Object(CInlineAction), Array)
#19 C:\xampp\WebFramework_mine\framework\web\CWebApplication.php(282): CController->run('admin')
#20 C:\xampp\WebFramework_mine\framework\web\CWebApplication.php(141): CWebApplication->runController('post/admin')
#21 C:\xampp\WebFramework_mine\framework\base\CApplication.php(169): CWebApplication->processRequest()
#22 C:\xampp\htdocs\blog\index.php(13): CApplication->run()
#23 {main}
REQUEST_URI=/blog/index.php/post/admin
---
2013/03/13 14:57:50 [error] [exception.CException] exception 'CException' with message 'Either "name" or "value" must be specified for CDataColumn.' in C:\xampp\WebFramework_mine\framework\zii\widgets\grid\CDataColumn.php:78
Stack trace:
#0 C:\xampp\WebFramework_mine\framework\zii\widgets\grid\CGridView.php(376): CDataColumn->init()
#1 C:\xampp\WebFramework_mine\framework\zii\widgets\grid\CGridView.php(334): CGridView->initColumns()
#2 C:\xampp\WebFramework_mine\framework\web\CBaseController.php(147): CGridView->init()
#3 C:\xampp\WebFramework_mine\framework\web\CBaseController.php(172): CBaseController->createWidget('zii.widgets.gri...', Array)
#4 C:\xampp\htdocs\blog\protected\views\post\admin.php(30): CBaseController->widget('zii.widgets.gri...', Array)
#5 C:\xampp\WebFramework_mine\framework\web\CBaseController.php(126): require('C:\xampp\htdocs...')
#6 C:\xampp\WebFramework_mine\framework\web\CBaseController.php(95): CBaseController->renderInternal('C:\xampp\htdocs...', Array, true)
#7 C:\xampp\WebFramework_mine\framework\web\CController.php(869): CBaseController->renderFile('C:\xampp\htdocs...', Array, true)
#8 C:\xampp\WebFramework_mine\framework\web\CController.php(782): CController->renderPartial('admin', Array, true)
#9 C:\xampp\htdocs\blog\protected\controllers\PostController.php(154): CController->render('admin', Array)
#10 C:\xampp\WebFramework_mine\framework\web\actions\CInlineAction.php(49): PostController->actionAdmin()
#11 C:\xampp\WebFramework_mine\framework\web\CController.php(308): CInlineAction->runWithParams(Array)
#12 C:\xampp\WebFramework_mine\framework\web\filters\CFilterChain.php(133): CController->runAction(Object(CInlineAction))
#13 C:\xampp\WebFramework_mine\framework\web\filters\CFilter.php(40): CFilterChain->run()
#14 C:\xampp\WebFramework_mine\framework\web\CController.php(1145): CFilter->filter(Object(CFilterChain))
#15 C:\xampp\WebFramework_mine\framework\web\filters\CInlineFilter.php(58): CController->filterAccessControl(Object(CFilterChain))
#16 C:\xampp\WebFramework_mine\framework\web\filters\CFilterChain.php(130): CInlineFilter->filter(Object(CFilterChain))
#17 C:\xampp\WebFramework_mine\framework\web\CController.php(291): CFilterChain->run()
#18 C:\xampp\WebFramework_mine\framework\web\CController.php(265): CController->runActionWithFilters(Object(CInlineAction), Array)
#19 C:\xampp\WebFramework_mine\framework\web\CWebApplication.php(282): CController->run('admin')
#20 C:\xampp\WebFramework_mine\framework\web\CWebApplication.php(141): CWebApplication->runController('post/admin')
#21 C:\xampp\WebFramework_mine\framework\base\CApplication.php(169): CWebApplication->processRequest()
#22 C:\xampp\htdocs\blog\index.php(13): CApplication->run()
#23 {main}
REQUEST_URI=/blog/index.php/post/admin
---
2013/03/13 14:59:17 [error] [exception.CException] exception 'CException' with message 'Either "name" or "value" must be specified for CDataColumn.' in C:\xampp\WebFramework_mine\framework\zii\widgets\grid\CDataColumn.php:78
Stack trace:
#0 C:\xampp\WebFramework_mine\framework\zii\widgets\grid\CGridView.php(376): CDataColumn->init()
#1 C:\xampp\WebFramework_mine\framework\zii\widgets\grid\CGridView.php(334): CGridView->initColumns()
#2 C:\xampp\WebFramework_mine\framework\web\CBaseController.php(147): CGridView->init()
#3 C:\xampp\WebFramework_mine\framework\web\CBaseController.php(172): CBaseController->createWidget('zii.widgets.gri...', Array)
#4 C:\xampp\htdocs\blog\protected\views\post\admin.php(30): CBaseController->widget('zii.widgets.gri...', Array)
#5 C:\xampp\WebFramework_mine\framework\web\CBaseController.php(126): require('C:\xampp\htdocs...')
#6 C:\xampp\WebFramework_mine\framework\web\CBaseController.php(95): CBaseController->renderInternal('C:\xampp\htdocs...', Array, true)
#7 C:\xampp\WebFramework_mine\framework\web\CController.php(869): CBaseController->renderFile('C:\xampp\htdocs...', Array, true)
#8 C:\xampp\WebFramework_mine\framework\web\CController.php(782): CController->renderPartial('admin', Array, true)
#9 C:\xampp\htdocs\blog\protected\controllers\PostController.php(154): CController->render('admin', Array)
#10 C:\xampp\WebFramework_mine\framework\web\actions\CInlineAction.php(49): PostController->actionAdmin()
#11 C:\xampp\WebFramework_mine\framework\web\CController.php(308): CInlineAction->runWithParams(Array)
#12 C:\xampp\WebFramework_mine\framework\web\filters\CFilterChain.php(133): CController->runAction(Object(CInlineAction))
#13 C:\xampp\WebFramework_mine\framework\web\filters\CFilter.php(40): CFilterChain->run()
#14 C:\xampp\WebFramework_mine\framework\web\CController.php(1145): CFilter->filter(Object(CFilterChain))
#15 C:\xampp\WebFramework_mine\framework\web\filters\CInlineFilter.php(58): CController->filterAccessControl(Object(CFilterChain))
#16 C:\xampp\WebFramework_mine\framework\web\filters\CFilterChain.php(130): CInlineFilter->filter(Object(CFilterChain))
#17 C:\xampp\WebFramework_mine\framework\web\CController.php(291): CFilterChain->run()
#18 C:\xampp\WebFramework_mine\framework\web\CController.php(265): CController->runActionWithFilters(Object(CInlineAction), Array)
#19 C:\xampp\WebFramework_mine\framework\web\CWebApplication.php(282): CController->run('admin')
#20 C:\xampp\WebFramework_mine\framework\web\CWebApplication.php(141): CWebApplication->runController('post/admin')
#21 C:\xampp\WebFramework_mine\framework\base\CApplication.php(169): CWebApplication->processRequest()
#22 C:\xampp\htdocs\blog\index.php(13): CApplication->run()
#23 {main}
REQUEST_URI=/blog/index.php/post/admin
---
2013/03/13 17:00:29 [error] [exception.CHttpException.400] exception 'CHttpException' with message 'Your request is invalid.' in C:\xampp\WebFramework_mine\framework\web\CController.php:336
Stack trace:
#0 C:\xampp\WebFramework_mine\framework\web\CController.php(309): CController->invalidActionParams(Object(CInlineAction))
#1 C:\xampp\WebFramework_mine\framework\web\filters\CFilterChain.php(133): CController->runAction(Object(CInlineAction))
#2 C:\xampp\WebFramework_mine\framework\web\filters\CFilter.php(40): CFilterChain->run()
#3 C:\xampp\WebFramework_mine\framework\web\CController.php(1145): CFilter->filter(Object(CFilterChain))
#4 C:\xampp\WebFramework_mine\framework\web\filters\CInlineFilter.php(58): CController->filterAccessControl(Object(CFilterChain))
#5 C:\xampp\WebFramework_mine\framework\web\filters\CFilterChain.php(130): CInlineFilter->filter(Object(CFilterChain))
#6 C:\xampp\WebFramework_mine\framework\web\CController.php(291): CFilterChain->run()
#7 C:\xampp\WebFramework_mine\framework\web\CController.php(265): CController->runActionWithFilters(Object(CInlineAction), Array)
#8 C:\xampp\WebFramework_mine\framework\web\CWebApplication.php(282): CController->run('view')
#9 C:\xampp\WebFramework_mine\framework\web\CWebApplication.php(141): CWebApplication->runController('post/view')
#10 C:\xampp\WebFramework_mine\framework\base\CApplication.php(169): CWebApplication->processRequest()
#11 C:\xampp\htdocs\blog\index.php(13): CApplication->run()
#12 {main}
REQUEST_URI=/blog/index.php/post/view
---
